<?xml version="1.0" encoding="UTF-8"?>
<!-- Generated by org.testng.reporters.JUnitXMLReporter -->
<testsuite ignored="3" hostname="JuneLiu.local" failures="0" tests="9" name="ExcludeExampleTest" time="13.718" errors="0" timestamp="2023-10-10T22:19:43 EDT">
  <testcase classname="com.neotech.lesson01.TestNGDemo" name="testOne" time="0.005"/>
  <testcase classname="com.neotech.lesson01.TestNGDemo" name="testThree" time="0.002"/>
  <testcase classname="com.neotech.lesson01.TestNGDemo" name="testTwo" time="0.002"/>
  <testcase classname="com.neotech.lesson01.Homework" name="negativeLoginTest" time="2.348"/>
  <testcase classname="com.neotech.lesson01.MoreTestNGAnnotations" name="test1" time="0.001"/>
  <testcase classname="com.neotech.lesson01.MoreTestNGAnnotations" name="test2" time="0.001"/>
  <testcase classname="com.neotech.lesson01.TestNGAnnotations" name="test1" time="0.002"/>
  <testcase classname="com.neotech.lesson01.TestNGAnnotations" name="test2" time="0.001"/>
  <testcase classname="com.neotech.lesson01.TestNGAnnotations" name="test3" time="0.002"/>
  <testcase classname="com.neotech.lesson01.TitleAndLoginValidation" name="logoValidation" time="0.0">
    <ignored/>
  </testcase> <!-- logoValidation -->
  <testcase classname="com.neotech.lesson01.TitleAndLoginValidation" name="titleValidation" time="0.0">
    <ignored/>
  </testcase> <!-- titleValidation -->
  <testcase classname="com.neotech.lesson01.TitleAndLoginValidation" name="loginValidation" time="0.0">
    <ignored/>
  </testcase> <!-- loginValidation -->
</testsuite> <!-- ExcludeExampleTest -->
