<?xml version="1.0" encoding="UTF-8"?>
<!-- Generated by org.testng.reporters.JUnitXMLReporter -->
<testsuite ignored="1" hostname="JuneLiu.local" failures="0" tests="2" name="Test Hwlogintest" time="19.572" errors="0" timestamp="2023-10-15T01:21:50 EDT">
  <testcase classname="com.neotech.tests.emptyPasswordLogin" name="emptyPassword" time="3.365"/>
  <testcase classname="com.neotech.tests.LoginTest" name="validLogin" time="5.727"/>
  <testcase classname="com.neotech.tests.invalidPasswordLogin" name="invalidPassword" time="0.0">
    <ignored/>
  </testcase> <!-- invalidPassword -->
</testsuite> <!-- Test Hwlogintest -->
