<?xml version="1.0" encoding="UTF-8"?>
<testng-results ignored="0" total="3" passed="3" failed="0" skipped="0">
  <reporter-output>
  </reporter-output>
  <suite started-at="2023-10-19T16:24:16 EDT" name="addEmp Suite" finished-at="2023-10-19T16:26:03 EDT" duration-ms="106903">
    <groups>
      <group name="addEmp">
        <method signature="AddEmployeeTest.AddEmployee(java.lang.String,java.lang.String,java.lang.String,java.lang.String,java.lang.String)[pri:0, instance:com.neotech.testcases.AddEmployeeTest@2dbe250d]" name="AddEmployee" class="com.neotech.testcases.AddEmployeeTest"/>
      </group> <!-- addEmp -->
    </groups>
    <test started-at="2023-10-19T16:24:16 EDT" name="addEmp Test" finished-at="2023-10-19T16:26:03 EDT" duration-ms="106903">
      <class name="com.neotech.testcases.AddEmployeeTest">
        <test-method is-config="true" signature="setUp()[pri:0, instance:com.neotech.testcases.AddEmployeeTest@2dbe250d]" started-at="2023-10-19T16:24:17 EDT" name="setUp" finished-at="2023-10-19T16:24:20 EDT" duration-ms="3586" status="PASS">
          <reporter-output>
          </reporter-output>
        </test-method> <!-- setUp -->
        <test-method signature="AddEmployee(java.lang.String,java.lang.String,java.lang.String,java.lang.String,java.lang.String)[pri:0, instance:com.neotech.testcases.AddEmployeeTest@2dbe250d]" started-at="2023-10-19T16:24:20 EDT" name="AddEmployee" data-provider="excelData" finished-at="2023-10-19T16:24:51 EDT" duration-ms="31172" status="PASS">
          <params>
            <param index="0">
              <value>
                <![CDATA[Joses]]>
              </value>
            </param>
            <param index="1">
              <value>
                <![CDATA[Smith]]>
              </value>
            </param>
            <param index="2">
              <value>
                <![CDATA[john2021]]>
              </value>
            </param>
            <param index="3">
              <value>
                <![CDATA[Secret@123]]>
              </value>
            </param>
            <param index="4">
              <value>
                <![CDATA[5667.0]]>
              </value>
            </param>
          </params>
          <reporter-output>
          </reporter-output>
        </test-method> <!-- AddEmployee -->
        <test-method is-config="true" signature="tearDown()[pri:0, instance:com.neotech.testcases.AddEmployeeTest@2dbe250d]" started-at="2023-10-19T16:24:52 EDT" name="tearDown" finished-at="2023-10-19T16:24:52 EDT" duration-ms="198" status="PASS">
          <reporter-output>
          </reporter-output>
        </test-method> <!-- tearDown -->
        <test-method is-config="true" signature="setUp()[pri:0, instance:com.neotech.testcases.AddEmployeeTest@2dbe250d]" started-at="2023-10-19T16:24:52 EDT" name="setUp" finished-at="2023-10-19T16:24:55 EDT" duration-ms="2772" status="PASS">
          <reporter-output>
          </reporter-output>
        </test-method> <!-- setUp -->
        <test-method signature="AddEmployee(java.lang.String,java.lang.String,java.lang.String,java.lang.String,java.lang.String)[pri:0, instance:com.neotech.testcases.AddEmployeeTest@2dbe250d]" started-at="2023-10-19T16:24:55 EDT" name="AddEmployee" data-provider="excelData" finished-at="2023-10-19T16:25:27 EDT" duration-ms="31725" status="PASS">
          <params>
            <param index="0">
              <value>
                <![CDATA[Marliys]]>
              </value>
            </param>
            <param index="1">
              <value>
                <![CDATA[Ann]]>
              </value>
            </param>
            <param index="2">
              <value>
                <![CDATA[mary2021]]>
              </value>
            </param>
            <param index="3">
              <value>
                <![CDATA[Secret@123]]>
              </value>
            </param>
            <param index="4">
              <value>
                <![CDATA[5668.0]]>
              </value>
            </param>
          </params>
          <reporter-output>
          </reporter-output>
        </test-method> <!-- AddEmployee -->
        <test-method is-config="true" signature="tearDown()[pri:0, instance:com.neotech.testcases.AddEmployeeTest@2dbe250d]" started-at="2023-10-19T16:25:28 EDT" name="tearDown" finished-at="2023-10-19T16:25:28 EDT" duration-ms="181" status="PASS">
          <reporter-output>
          </reporter-output>
        </test-method> <!-- tearDown -->
        <test-method is-config="true" signature="setUp()[pri:0, instance:com.neotech.testcases.AddEmployeeTest@2dbe250d]" started-at="2023-10-19T16:25:28 EDT" name="setUp" finished-at="2023-10-19T16:25:31 EDT" duration-ms="2824" status="PASS">
          <reporter-output>
          </reporter-output>
        </test-method> <!-- setUp -->
        <test-method signature="AddEmployee(java.lang.String,java.lang.String,java.lang.String,java.lang.String,java.lang.String)[pri:0, instance:com.neotech.testcases.AddEmployeeTest@2dbe250d]" started-at="2023-10-19T16:25:31 EDT" name="AddEmployee" data-provider="excelData" finished-at="2023-10-19T16:26:01 EDT" duration-ms="30124" status="PASS">
          <params>
            <param index="0">
              <value>
                <![CDATA[Daiveds]]>
              </value>
            </param>
            <param index="1">
              <value>
                <![CDATA[Brown]]>
              </value>
            </param>
            <param index="2">
              <value>
                <![CDATA[david2021]]>
              </value>
            </param>
            <param index="3">
              <value>
                <![CDATA[Secret@123]]>
              </value>
            </param>
            <param index="4">
              <value>
                <![CDATA[5669.0]]>
              </value>
            </param>
          </params>
          <reporter-output>
          </reporter-output>
        </test-method> <!-- AddEmployee -->
        <test-method is-config="true" signature="tearDown()[pri:0, instance:com.neotech.testcases.AddEmployeeTest@2dbe250d]" started-at="2023-10-19T16:26:02 EDT" name="tearDown" finished-at="2023-10-19T16:26:02 EDT" duration-ms="135" status="PASS">
          <reporter-output>
          </reporter-output>
        </test-method> <!-- tearDown -->
      </class> <!-- com.neotech.testcases.AddEmployeeTest -->
      <class name="com.neotech.testcases.LoginTest">
        <test-method is-config="true" signature="generateReport()[pri:0, instance:com.neotech.testcases.LoginTest@1bb1fde8]" started-at="2023-10-19T16:24:16 EDT" name="generateReport" finished-at="2023-10-19T16:24:16 EDT" duration-ms="179" status="PASS">
          <reporter-output>
          </reporter-output>
        </test-method> <!-- generateReport -->
        <test-method is-config="true" signature="writeReport()[pri:0, instance:com.neotech.testcases.LoginTest@1bb1fde8]" started-at="2023-10-19T16:26:02 EDT" name="writeReport" finished-at="2023-10-19T16:26:03 EDT" duration-ms="597" status="PASS">
          <reporter-output>
          </reporter-output>
        </test-method> <!-- writeReport -->
      </class> <!-- com.neotech.testcases.LoginTest -->
    </test> <!-- addEmp Test -->
  </suite> <!-- addEmp Suite -->
</testng-results>
