<?xml version="1.0" encoding="UTF-8"?>
<!-- Generated by org.testng.reporters.JUnitXMLReporter -->
<testsuite ignored="0" hostname="JuneLiu.local" failures="0" tests="3" name="Regression Test" time="29.493" errors="0" timestamp="2023-10-17T21:19:54 EDT">
  <testcase classname="com.neotech.testcases.LoginTest" name="emptyPasswordLogin" time="3.487"/>
  <testcase classname="com.neotech.testcases.LoginTest" name="invalidPasswordLogin" time="5.51"/>
  <testcase classname="com.neotech.testcases.LoginTest" name="validLogin" time="5.726"/>
</testsuite> <!-- Regression Test -->
