<?xml version="1.0" encoding="UTF-8"?>
<!-- Generated by org.testng.reporters.JUnitXMLReporter -->
<testsuite ignored="0" hostname="JuneLiu.local" failures="0" tests="3" name="Default test" time="46.235" errors="0" timestamp="2023-10-10T21:45:57 EDT">
  <testcase classname="com.neotech.lesson03.DataProviderDemo" name="loginFunctionality" time="10.533"/>
  <testcase classname="com.neotech.lesson03.DataProviderDemo" name="loginFunctionality" time="9.434"/>
  <testcase classname="com.neotech.lesson03.DataProviderDemo" name="loginFunctionality" time="9.054"/>
</testsuite> <!-- Default test -->
