<?xml version="1.0" encoding="UTF-8"?>
<testng-results ignored="0" total="9" passed="9" failed="0" skipped="0">
  <reporter-output>
  </reporter-output>
  <suite started-at="2023-10-10T22:19:29 EDT" name="ExcludeExampleSuite" finished-at="2023-10-10T22:19:43 EDT" duration-ms="13718">
    <groups>
    </groups>
    <test started-at="2023-10-10T22:19:29 EDT" name="ExcludeExampleTest" finished-at="2023-10-10T22:19:43 EDT" duration-ms="13718">
      <class name="com.neotech.lesson01.TestNGDemo">
        <test-method signature="testOne()[pri:0, instance:com.neotech.lesson01.TestNGDemo@31ea9581]" started-at="2023-10-10T22:19:29 EDT" name="testOne" finished-at="2023-10-10T22:19:30 EDT" duration-ms="5" status="PASS">
          <reporter-output>
          </reporter-output>
        </test-method> <!-- testOne -->
        <test-method signature="testThree()[pri:0, instance:com.neotech.lesson01.TestNGDemo@31ea9581]" started-at="2023-10-10T22:19:30 EDT" name="testThree" finished-at="2023-10-10T22:19:30 EDT" duration-ms="2" status="PASS">
          <reporter-output>
          </reporter-output>
        </test-method> <!-- testThree -->
        <test-method signature="testTwo()[pri:0, instance:com.neotech.lesson01.TestNGDemo@31ea9581]" started-at="2023-10-10T22:19:30 EDT" name="testTwo" finished-at="2023-10-10T22:19:30 EDT" duration-ms="2" status="PASS">
          <reporter-output>
          </reporter-output>
        </test-method> <!-- testTwo -->
      </class> <!-- com.neotech.lesson01.TestNGDemo -->
      <class name="com.neotech.lesson01.MoreTestNGAnnotations">
        <test-method is-config="true" signature="beforeTest()[pri:0, instance:com.neotech.lesson01.MoreTestNGAnnotations@7c137fd5]" started-at="2023-10-10T22:19:29 EDT" name="beforeTest" finished-at="2023-10-10T22:19:29 EDT" duration-ms="11" status="PASS">
          <reporter-output>
          </reporter-output>
        </test-method> <!-- beforeTest -->
        <test-method is-config="true" signature="beforeClass()[pri:0, instance:com.neotech.lesson01.MoreTestNGAnnotations@7c137fd5]" started-at="2023-10-10T22:19:43 EDT" name="beforeClass" finished-at="2023-10-10T22:19:43 EDT" duration-ms="1" status="PASS">
          <reporter-output>
          </reporter-output>
        </test-method> <!-- beforeClass -->
        <test-method signature="test1()[pri:0, instance:com.neotech.lesson01.MoreTestNGAnnotations@7c137fd5]" started-at="2023-10-10T22:19:43 EDT" name="test1" finished-at="2023-10-10T22:19:43 EDT" duration-ms="1" status="PASS">
          <reporter-output>
          </reporter-output>
        </test-method> <!-- test1 -->
        <test-method is-config="true" signature="beforeMethod()[pri:0, instance:com.neotech.lesson01.MoreTestNGAnnotations@7c137fd5]" started-at="2023-10-10T22:19:43 EDT" name="beforeMethod" finished-at="2023-10-10T22:19:43 EDT" duration-ms="0" status="PASS">
          <reporter-output>
          </reporter-output>
        </test-method> <!-- beforeMethod -->
        <test-method is-config="true" signature="afterMethod()[pri:0, instance:com.neotech.lesson01.MoreTestNGAnnotations@7c137fd5]" started-at="2023-10-10T22:19:43 EDT" name="afterMethod" finished-at="2023-10-10T22:19:43 EDT" duration-ms="0" status="PASS">
          <reporter-output>
          </reporter-output>
        </test-method> <!-- afterMethod -->
        <test-method signature="test2()[pri:0, instance:com.neotech.lesson01.MoreTestNGAnnotations@7c137fd5]" started-at="2023-10-10T22:19:43 EDT" name="test2" finished-at="2023-10-10T22:19:43 EDT" duration-ms="1" status="PASS">
          <reporter-output>
          </reporter-output>
        </test-method> <!-- test2 -->
        <test-method is-config="true" signature="beforeMethod()[pri:0, instance:com.neotech.lesson01.MoreTestNGAnnotations@7c137fd5]" started-at="2023-10-10T22:19:43 EDT" name="beforeMethod" finished-at="2023-10-10T22:19:43 EDT" duration-ms="0" status="PASS">
          <reporter-output>
          </reporter-output>
        </test-method> <!-- beforeMethod -->
        <test-method is-config="true" signature="afterMethod()[pri:0, instance:com.neotech.lesson01.MoreTestNGAnnotations@7c137fd5]" started-at="2023-10-10T22:19:43 EDT" name="afterMethod" finished-at="2023-10-10T22:19:43 EDT" duration-ms="1" status="PASS">
          <reporter-output>
          </reporter-output>
        </test-method> <!-- afterMethod -->
        <test-method is-config="true" signature="afterClass()[pri:0, instance:com.neotech.lesson01.MoreTestNGAnnotations@7c137fd5]" started-at="2023-10-10T22:19:43 EDT" name="afterClass" finished-at="2023-10-10T22:19:43 EDT" duration-ms="0" status="PASS">
          <reporter-output>
          </reporter-output>
        </test-method> <!-- afterClass -->
        <test-method is-config="true" signature="afterTest()[pri:0, instance:com.neotech.lesson01.MoreTestNGAnnotations@7c137fd5]" started-at="2023-10-10T22:19:43 EDT" name="afterTest" finished-at="2023-10-10T22:19:43 EDT" duration-ms="1" status="PASS">
          <reporter-output>
          </reporter-output>
        </test-method> <!-- afterTest -->
      </class> <!-- com.neotech.lesson01.MoreTestNGAnnotations -->
      <class name="com.neotech.lesson01.TestNGAnnotations">
        <test-method is-config="true" signature="beforeMethod()[pri:0, instance:com.neotech.lesson01.TestNGAnnotations@183ec003]" started-at="2023-10-10T22:19:43 EDT" name="beforeMethod" finished-at="2023-10-10T22:19:43 EDT" duration-ms="1" status="PASS">
          <reporter-output>
          </reporter-output>
        </test-method> <!-- beforeMethod -->
        <test-method signature="test1()[pri:0, instance:com.neotech.lesson01.TestNGAnnotations@183ec003]" started-at="2023-10-10T22:19:43 EDT" name="test1" finished-at="2023-10-10T22:19:43 EDT" duration-ms="2" status="PASS">
          <reporter-output>
          </reporter-output>
        </test-method> <!-- test1 -->
        <test-method is-config="true" signature="afterMethod()[pri:0, instance:com.neotech.lesson01.TestNGAnnotations@183ec003]" started-at="2023-10-10T22:19:43 EDT" name="afterMethod" finished-at="2023-10-10T22:19:43 EDT" duration-ms="1" status="PASS">
          <reporter-output>
          </reporter-output>
        </test-method> <!-- afterMethod -->
        <test-method is-config="true" signature="beforeMethod()[pri:0, instance:com.neotech.lesson01.TestNGAnnotations@183ec003]" started-at="2023-10-10T22:19:43 EDT" name="beforeMethod" finished-at="2023-10-10T22:19:43 EDT" duration-ms="1" status="PASS">
          <reporter-output>
          </reporter-output>
        </test-method> <!-- beforeMethod -->
        <test-method signature="test2()[pri:0, instance:com.neotech.lesson01.TestNGAnnotations@183ec003]" started-at="2023-10-10T22:19:43 EDT" name="test2" finished-at="2023-10-10T22:19:43 EDT" duration-ms="1" status="PASS">
          <reporter-output>
          </reporter-output>
        </test-method> <!-- test2 -->
        <test-method is-config="true" signature="afterMethod()[pri:0, instance:com.neotech.lesson01.TestNGAnnotations@183ec003]" started-at="2023-10-10T22:19:43 EDT" name="afterMethod" finished-at="2023-10-10T22:19:43 EDT" duration-ms="0" status="PASS">
          <reporter-output>
          </reporter-output>
        </test-method> <!-- afterMethod -->
        <test-method signature="test3()[pri:0, instance:com.neotech.lesson01.TestNGAnnotations@183ec003]" started-at="2023-10-10T22:19:43 EDT" name="test3" finished-at="2023-10-10T22:19:43 EDT" duration-ms="2" status="PASS">
          <reporter-output>
          </reporter-output>
        </test-method> <!-- test3 -->
        <test-method is-config="true" signature="beforeMethod()[pri:0, instance:com.neotech.lesson01.TestNGAnnotations@183ec003]" started-at="2023-10-10T22:19:43 EDT" name="beforeMethod" finished-at="2023-10-10T22:19:43 EDT" duration-ms="0" status="PASS">
          <reporter-output>
          </reporter-output>
        </test-method> <!-- beforeMethod -->
        <test-method is-config="true" signature="afterMethod()[pri:0, instance:com.neotech.lesson01.TestNGAnnotations@183ec003]" started-at="2023-10-10T22:19:43 EDT" name="afterMethod" finished-at="2023-10-10T22:19:43 EDT" duration-ms="0" status="PASS">
          <reporter-output>
          </reporter-output>
        </test-method> <!-- afterMethod -->
      </class> <!-- com.neotech.lesson01.TestNGAnnotations -->
      <class name="com.neotech.lesson01.Homework">
        <test-method is-config="true" signature="setUp()[pri:0, instance:com.neotech.lesson01.Homework@231f98ef]" started-at="2023-10-10T22:19:30 EDT" name="setUp" finished-at="2023-10-10T22:19:36 EDT" duration-ms="6123" status="PASS">
          <reporter-output>
          </reporter-output>
        </test-method> <!-- setUp -->
        <test-method is-config="true" signature="openAndNavigate()[pri:0, instance:com.neotech.lesson01.Homework@231f98ef]" started-at="2023-10-10T22:19:36 EDT" name="openAndNavigate" finished-at="2023-10-10T22:19:41 EDT" duration-ms="5031" status="PASS">
          <reporter-output>
          </reporter-output>
        </test-method> <!-- openAndNavigate -->
        <test-method signature="negativeLoginTest()[pri:0, instance:com.neotech.lesson01.Homework@231f98ef]" started-at="2023-10-10T22:19:41 EDT" name="negativeLoginTest" finished-at="2023-10-10T22:19:43 EDT" duration-ms="2348" status="PASS">
          <reporter-output>
          </reporter-output>
        </test-method> <!-- negativeLoginTest -->
        <test-method is-config="true" signature="quitBrowser()[pri:0, instance:com.neotech.lesson01.Homework@231f98ef]" started-at="2023-10-10T22:19:43 EDT" name="quitBrowser" finished-at="2023-10-10T22:19:43 EDT" duration-ms="128" status="PASS">
          <reporter-output>
          </reporter-output>
        </test-method> <!-- quitBrowser -->
        <test-method is-config="true" signature="tearDown()[pri:0, instance:com.neotech.lesson01.Homework@231f98ef]" started-at="2023-10-10T22:19:43 EDT" name="tearDown" finished-at="2023-10-10T22:19:43 EDT" duration-ms="0" status="PASS">
          <reporter-output>
          </reporter-output>
        </test-method> <!-- tearDown -->
      </class> <!-- com.neotech.lesson01.Homework -->
    </test> <!-- ExcludeExampleTest -->
  </suite> <!-- ExcludeExampleSuite -->
</testng-results>
