<?xml version="1.0" encoding="UTF-8"?>
<testng-results ignored="0" total="2" passed="2" failed="0" skipped="0">
  <reporter-output>
  </reporter-output>
  <suite started-at="2023-10-15T01:21:30 EDT" name="Suite Hwlogintest" finished-at="2023-10-15T01:21:50 EDT" duration-ms="19572">
    <groups>
    </groups>
    <test started-at="2023-10-15T01:21:30 EDT" name="Test Hwlogintest" finished-at="2023-10-15T01:21:50 EDT" duration-ms="19572">
      <class name="com.neotech.tests.LoginTest">
        <test-method is-config="true" signature="setUp()[pri:0, instance:com.neotech.tests.LoginTest@76494737]" started-at="2023-10-15T01:21:40 EDT" name="setUp" finished-at="2023-10-15T01:21:44 EDT" duration-ms="4596" status="PASS">
          <reporter-output>
          </reporter-output>
        </test-method> <!-- setUp -->
        <test-method signature="validLogin()[pri:0, instance:com.neotech.tests.LoginTest@76494737]" started-at="2023-10-15T01:21:44 EDT" name="validLogin" finished-at="2023-10-15T01:21:50 EDT" duration-ms="5727" status="PASS">
          <reporter-output>
          </reporter-output>
        </test-method> <!-- validLogin -->
        <test-method is-config="true" signature="tearDown()[pri:0, instance:com.neotech.tests.LoginTest@76494737]" started-at="2023-10-15T01:21:50 EDT" name="tearDown" finished-at="2023-10-15T01:21:50 EDT" duration-ms="135" status="PASS">
          <reporter-output>
          </reporter-output>
        </test-method> <!-- tearDown -->
      </class> <!-- com.neotech.tests.LoginTest -->
      <class name="com.neotech.tests.emptyPasswordLogin">
        <test-method is-config="true" signature="setUp()[pri:0, instance:com.neotech.tests.emptyPasswordLogin@303cf2ba]" started-at="2023-10-15T01:21:30 EDT" name="setUp" finished-at="2023-10-15T01:21:36 EDT" duration-ms="5560" status="PASS">
          <reporter-output>
          </reporter-output>
        </test-method> <!-- setUp -->
        <test-method signature="emptyPassword()[pri:0, instance:com.neotech.tests.emptyPasswordLogin@303cf2ba]" started-at="2023-10-15T01:21:36 EDT" name="emptyPassword" finished-at="2023-10-15T01:21:39 EDT" duration-ms="3365" status="PASS">
          <reporter-output>
          </reporter-output>
        </test-method> <!-- emptyPassword -->
        <test-method is-config="true" signature="tearDown()[pri:0, instance:com.neotech.tests.emptyPasswordLogin@303cf2ba]" started-at="2023-10-15T01:21:39 EDT" name="tearDown" finished-at="2023-10-15T01:21:39 EDT" duration-ms="145" status="PASS">
          <reporter-output>
          </reporter-output>
        </test-method> <!-- tearDown -->
      </class> <!-- com.neotech.tests.emptyPasswordLogin -->
    </test> <!-- Test Hwlogintest -->
  </suite> <!-- Suite Hwlogintest -->
</testng-results>
