<?xml version="1.0" encoding="UTF-8"?>
<!-- Generated by org.testng.reporters.JUnitXMLReporter -->
<testsuite ignored="4" hostname="JuneLiu.local" failures="0" tests="3" name="groupsDemoTest" time="0.069" errors="0" timestamp="2023-10-10T21:03:48 EDT">
  <testcase classname="com.neotech.lesson03.GroupsDemo" name="test1" time="0.008"/>
  <testcase classname="com.neotech.lesson03.GroupsDemo" name="test2" time="0.001"/>
  <testcase classname="com.neotech.lesson03.GroupsDemo" name="test4" time="0.002"/>
  <testcase classname="com.neotech.lesson01.TestNGDemo" name="testThree" time="0.0">
    <ignored/>
  </testcase> <!-- testThree -->
  <testcase classname="com.neotech.lesson03.GroupsDemo" name="test3" time="0.0">
    <ignored/>
  </testcase> <!-- test3 -->
  <testcase classname="com.neotech.lesson01.TestNGDemo" name="testTwo" time="0.0">
    <ignored/>
  </testcase> <!-- testTwo -->
  <testcase classname="com.neotech.lesson01.TestNGDemo" name="testOne" time="0.0">
    <ignored/>
  </testcase> <!-- testOne -->
</testsuite> <!-- groupsDemoTest -->
