<?xml version="1.0" encoding="UTF-8"?>
<!-- Generated by org.testng.reporters.JUnitXMLReporter -->
<testsuite ignored="2" hostname="JuneLiu.local" failures="0" tests="1" name="Smoke Test" time="16.542" errors="0" timestamp="2023-10-17T21:00:11 EDT">
  <testcase classname="com.neotech.testcases.LoginTest" name="validLogin" time="11.003"/>
  <testcase classname="com.neotech.testcases.LoginTest" name="emptyPasswordLogin" time="0.0">
    <ignored/>
  </testcase> <!-- emptyPasswordLogin -->
  <testcase classname="com.neotech.testcases.LoginTest" name="invalidPasswordLogin" time="0.0">
    <ignored/>
  </testcase> <!-- invalidPasswordLogin -->
</testsuite> <!-- Smoke Test -->
