<?xml version="1.0" encoding="UTF-8"?>
<!-- Generated by org.testng.reporters.JUnitXMLReporter -->
<testsuite ignored="0" hostname="JuneLiu.local" failures="3" tests="3" name="Test RegressionHw" time="29.3" errors="0" timestamp="2023-10-17T13:55:50 EDT">
  <testcase classname="com.neotech.testcases.LoginTest" name="emptyPasswordLogin" time="3.458">
    <failure type="java.lang.AssertionError" message="Password cannot be empty expected:&amp;lt;Password cannot be empty&amp;gt; but was:&amp;lt;The error MSG does NOT match!!!&amp;gt;">
      <![CDATA[java.lang.AssertionError: Password cannot be empty expected:<Password cannot be empty> but was:<The error MSG does NOT match!!!>
at com.neotech.testcases.LoginTest.emptyPasswordLogin(LoginTest.java:68)
at java.base/java.util.ArrayList.forEach(ArrayList.java:1511)
... Removed 28 stack frames]]>
    </failure>
  </testcase> <!-- emptyPasswordLogin -->
  <testcase classname="com.neotech.testcases.LoginTest" name="invalidPasswordLogin" time="4.438">
    <failure type="java.lang.AssertionError" message=" expected:&amp;lt;Invalid Credentials&amp;gt; but was:&amp;lt;Invalid Credentials is not displayed!&amp;gt;">
      <![CDATA[java.lang.AssertionError:  expected:<Invalid Credentials> but was:<Invalid Credentials is not displayed!>
at com.neotech.testcases.LoginTest.invalidPasswordLogin(LoginTest.java:98)
at java.base/java.util.ArrayList.forEach(ArrayList.java:1511)
... Removed 28 stack frames]]>
    </failure>
  </testcase> <!-- invalidPasswordLogin -->
  <testcase classname="com.neotech.testcases.LoginTest" name="validLogin" time="5.977">
    <failure type="java.lang.AssertionError" message="Jacqueline White expected:&amp;lt;Jacqueline White&amp;gt; but was:&amp;lt;The account does NOT match!!!&amp;gt;">
      <![CDATA[java.lang.AssertionError: Jacqueline White expected:<Jacqueline White> but was:<The account does NOT match!!!>
at com.neotech.testcases.LoginTest.validLogin(LoginTest.java:41)
at java.base/java.util.ArrayList.forEach(ArrayList.java:1511)
... Removed 28 stack frames]]>
    </failure>
  </testcase> <!-- validLogin -->
</testsuite> <!-- Test RegressionHw -->
