<?xml version="1.0" encoding="UTF-8"?>
<!-- Generated by org.testng.reporters.JUnitXMLReporter -->
<testsuite ignored="2" hostname="JuneLiu.local" failures="1" tests="1" name="IncludedExampleSuite" time="11.584" errors="0" timestamp="2023-10-10T22:15:22 EDT">
  <testcase classname="com.neotech.lesson01.TitleAndLoginValidation" name="titleValidation" time="0.019">
    <failure type="java.lang.Exception">
      <![CDATA[java.lang.Exception
at com.neotech.lesson01.TitleAndLoginValidation.titleValidation(TitleAndLoginValidation.java:39)
at java.base/java.util.ArrayList.forEach(ArrayList.java:1511)
... Removed 27 stack frames]]>
    </failure>
  </testcase> <!-- titleValidation -->
  <testcase classname="com.neotech.lesson01.TitleAndLoginValidation" name="loginValidation" time="0.0">
    <ignored/>
  </testcase> <!-- loginValidation -->
  <testcase classname="com.neotech.lesson01.TitleAndLoginValidation" name="logoValidation" time="0.0">
    <ignored/>
  </testcase> <!-- logoValidation -->
</testsuite> <!-- IncludedExampleSuite -->
