<?xml version="1.0" encoding="UTF-8"?>
<!-- Generated by org.testng.reporters.JUnitXMLReporter -->
<testsuite ignored="5" hostname="JuneLiu.local" failures="0" tests="3" name="addEmp Test" time="106.903" errors="0" timestamp="2023-10-19T16:26:03 EDT">
  <testcase classname="com.neotech.testcases.AddEmployeeTest" name="AddEmployee" time="31.172"/>
  <testcase classname="com.neotech.testcases.AddEmployeeTest" name="AddEmployee" time="31.725"/>
  <testcase classname="com.neotech.testcases.AddEmployeeTest" name="AddEmployee" time="30.124"/>
  <testcase classname="com.neotech.testcases.LoginTest" name="invalidPasswordLogin" time="0.0">
    <ignored/>
  </testcase> <!-- invalidPasswordLogin -->
  <testcase classname="com.neotech.testbase.BaseClass" name="@BeforeTest generateReport" time="0.0">
    <ignored/>
  </testcase> <!-- @BeforeTest generateReport -->
  <testcase classname="com.neotech.testbase.BaseClass" name="@AfterTest writeReport" time="0.0">
    <ignored/>
  </testcase> <!-- @AfterTest writeReport -->
  <testcase classname="com.neotech.testcases.LoginTest" name="validLogin" time="0.0">
    <ignored/>
  </testcase> <!-- validLogin -->
  <testcase classname="com.neotech.testcases.LoginTest" name="emptyPasswordLogin" time="0.0">
    <ignored/>
  </testcase> <!-- emptyPasswordLogin -->
</testsuite> <!-- addEmp Test -->
